2020-11-11 14:16:48,252 INFO org.springframework.boot.StartupInfoLogger [main] Starting Application on DESKTOP-HP0EH4K with PID 4824 (C:\Users\Dell\git\repository2\com.sprinttwo\target\classes started by Dell in C:\Users\Dell\git\repository2\com.sprinttwo)
2020-11-11 14:16:48,283 INFO org.springframework.boot.SpringApplication [main] No active profile set, falling back to default profiles: default
2020-11-11 14:16:52,032 INFO org.springframework.data.repository.config.RepositoryConfigurationDelegate [main] Bootstrapping Spring Data repositories in DEFAULT mode.
2020-11-11 14:16:52,309 INFO org.springframework.data.repository.config.RepositoryConfigurationDelegate [main] Finished Spring Data repository scanning in 197ms. Found 2 repository interfaces.
2020-11-11 14:16:53,531 INFO org.springframework.context.support.PostProcessorRegistrationDelegate$BeanPostProcessorChecker [main] Bean 'org.springframework.transaction.annotation.ProxyTransactionManagementConfiguration' of type [org.springframework.transaction.annotation.ProxyTransactionManagementConfiguration$$EnhancerBySpringCGLIB$$7fcca4de] is not eligible for getting processed by all BeanPostProcessors (for example: not eligible for auto-proxying)
2020-11-11 14:16:54,854 INFO org.springframework.boot.web.embedded.tomcat.TomcatWebServer [main] Tomcat initialized with port(s): 8084 (http)
2020-11-11 14:16:54,912 INFO org.apache.juli.logging.DirectJDKLog [main] Initializing ProtocolHandler ["http-nio-8084"]
2020-11-11 14:16:54,945 INFO org.apache.juli.logging.DirectJDKLog [main] Starting service [Tomcat]
2020-11-11 14:16:54,946 INFO org.apache.juli.logging.DirectJDKLog [main] Starting Servlet engine: [Apache Tomcat/9.0.17]
2020-11-11 14:16:55,354 INFO org.apache.juli.logging.DirectJDKLog [main] Initializing Spring embedded WebApplicationContext
2020-11-11 14:16:55,354 INFO org.springframework.boot.web.servlet.context.ServletWebServerApplicationContext [main] Root WebApplicationContext: initialization completed in 6877 ms
2020-11-11 14:16:56,069 INFO com.zaxxer.hikari.HikariDataSource [main] HikariPool-1 - Starting...
2020-11-11 14:16:56,741 INFO com.zaxxer.hikari.HikariDataSource [main] HikariPool-1 - Start completed.
2020-11-11 14:16:57,025 INFO org.hibernate.jpa.internal.util.LogHelper [main] HHH000204: Processing PersistenceUnitInfo [
	name: default
	...]
2020-11-11 14:16:57,489 INFO org.hibernate.Version [main] HHH000412: Hibernate Core {5.3.9.Final}
2020-11-11 14:16:57,501 INFO org.hibernate.cfg.Environment [main] HHH000206: hibernate.properties not found
2020-11-11 14:16:58,966 INFO org.hibernate.annotations.common.reflection.java.JavaReflectionManager [main] HCANN000001: Hibernate Commons Annotations {5.0.4.Final}
2020-11-11 14:16:59,483 INFO org.hibernate.dialect.Dialect [main] HHH000400: Using dialect: org.hibernate.dialect.PostgreSQLDialect
2020-11-11 14:17:00,110 INFO org.hibernate.engine.jdbc.env.internal.LobCreatorBuilderImpl [main] HHH000421: Disabling contextual LOB creation as hibernate.jdbc.lob.non_contextual_creation is true
2020-11-11 14:17:00,131 INFO org.hibernate.type.BasicTypeRegistry [main] HHH000270: Type registration [java.util.UUID] overrides previous : org.hibernate.type.UUIDBinaryType@6cd66f6a
2020-11-11 14:17:02,396 INFO org.springframework.orm.jpa.AbstractEntityManagerFactoryBean [main] Initialized JPA EntityManagerFactory for persistence unit 'default'
2020-11-11 14:17:04,904 INFO springfox.documentation.spring.web.PropertySourcedRequestMappingHandlerMapping [main] Mapped URL path [/v2/api-docs] onto method [public org.springframework.http.ResponseEntity<springfox.documentation.spring.web.json.Json> springfox.documentation.swagger2.web.Swagger2Controller.getDocumentation(java.lang.String,javax.servlet.http.HttpServletRequest)]
2020-11-11 14:17:05,476 INFO org.springframework.scheduling.concurrent.ExecutorConfigurationSupport [main] Initializing ExecutorService 'applicationTaskExecutor'
2020-11-11 14:17:06,134 INFO springfox.documentation.spring.web.plugins.DocumentationPluginsBootstrapper [main] Context refreshed
2020-11-11 14:17:06,241 INFO springfox.documentation.spring.web.plugins.DocumentationPluginsBootstrapper [main] Found 1 custom documentation plugin(s)
2020-11-11 14:17:06,376 INFO springfox.documentation.spring.web.scanners.ApiListingReferenceScanner [main] Scanning for api listing references
2020-11-11 14:17:07,069 INFO org.apache.juli.logging.DirectJDKLog [main] Starting ProtocolHandler ["http-nio-8084"]
2020-11-11 14:17:07,163 INFO org.springframework.boot.web.embedded.tomcat.TomcatWebServer [main] Tomcat started on port(s): 8084 (http) with context path ''
2020-11-11 14:17:07,175 INFO org.springframework.boot.StartupInfoLogger [main] Started Application in 20.359 seconds (JVM running for 21.369)
2020-11-11 14:18:50,125 INFO org.apache.juli.logging.DirectJDKLog [http-nio-8084-exec-1] Initializing Spring DispatcherServlet 'dispatcherServlet'
2020-11-11 14:18:50,126 INFO org.springframework.web.servlet.FrameworkServlet [http-nio-8084-exec-1] Initializing Servlet 'dispatcherServlet'
2020-11-11 14:18:50,370 INFO org.springframework.web.servlet.FrameworkServlet [http-nio-8084-exec-1] Completed initialization in 244 ms
2020-11-11 14:19:21,210 INFO com.sprinttwo.controller.UserController [http-nio-8084-exec-9] login service initialised
